CRITICAL - 2022-09-27 21:54:10 --> Call to undefined method App\Controllers\Payment::respond()
in APPPATH\Controllers\Payment.php on line 27.
 1 SYSTEMPATH\CodeIgniter.php(907): App\Controllers\Payment->index()
 2 SYSTEMPATH\CodeIgniter.php(457): CodeIgniter\CodeIgniter->runController(Object(App\Controllers\Payment))
 3 SYSTEMPATH\CodeIgniter.php(340): CodeIgniter\CodeIgniter->handleRequest(null, Object(Config\Cache), false)
 4 FCPATH\index.php(67): CodeIgniter\CodeIgniter->run()
CRITICAL - 2022-09-27 22:03:50 --> Class 'App\Controllers\Config' not found
in APPPATH\Controllers\Payment.php on line 33.
 1 SYSTEMPATH\CodeIgniter.php(907): App\Controllers\Payment->index()
 2 SYSTEMPATH\CodeIgniter.php(457): CodeIgniter\CodeIgniter->runController(Object(App\Controllers\Payment))
 3 SYSTEMPATH\CodeIgniter.php(340): CodeIgniter\CodeIgniter->handleRequest(null, Object(Config\Cache), false)
 4 FCPATH\index.php(67): CodeIgniter\CodeIgniter->run()
CRITICAL - 2022-09-27 22:04:38 --> Class 'App\Controllers\Config' not found
in APPPATH\Controllers\Payment.php on line 33.
 1 SYSTEMPATH\CodeIgniter.php(907): App\Controllers\Payment->index()
 2 SYSTEMPATH\CodeIgniter.php(457): CodeIgniter\CodeIgniter->runController(Object(App\Controllers\Payment))
 3 SYSTEMPATH\CodeIgniter.php(340): CodeIgniter\CodeIgniter->handleRequest(null, Object(Config\Cache), false)
 4 FCPATH\index.php(67): CodeIgniter\CodeIgniter->run()
CRITICAL - 2022-09-27 22:05:45 --> The ServerKey/ClientKey is null, You need to set the server-key from Config. Please double-check Config and ServerKey key. You can check from the Midtrans Dashboard. See https://docs.midtrans.com/en/midtrans-account/overview?id=retrieving-api-access-keys for the details or contact support at support@midtrans.com if you have any questions.
in VENDORPATH\midtrans\midtrans-php\Midtrans\ApiRequestor.php on line 71.
 1 VENDORPATH\midtrans\midtrans-php\Midtrans\ApiRequestor.php(39): Midtrans\ApiRequestor::remoteCall('https://app.sandbox.midtrans.com/snap/v1/transactions', null, [...], 'POST')
 2 VENDORPATH\midtrans\midtrans-php\Midtrans\Snap.php(109): Midtrans\ApiRequestor::post('https://app.sandbox.midtrans.com/snap/v1/transactions', null, [...])
 3 APPPATH\Controllers\Payment.php(40): Midtrans\Snap::createTransaction([...])
 4 SYSTEMPATH\CodeIgniter.php(907): App\Controllers\Payment->index()
 5 SYSTEMPATH\CodeIgniter.php(457): CodeIgniter\CodeIgniter->runController(Object(App\Controllers\Payment))
 6 SYSTEMPATH\CodeIgniter.php(340): CodeIgniter\CodeIgniter->handleRequest(null, Object(Config\Cache), false)
 7 FCPATH\index.php(67): CodeIgniter\CodeIgniter->run()
CRITICAL - 2022-09-27 22:08:07 --> CodeIgniter\Autoloader\Autoloader::main(): Failed opening required 'C:\xampp\htdocs\restfulapi\app\Controllers/../../Midtrans.php' (include_path='C:\xampp\php\PEAR')
in APPPATH\Controllers\Payment.php on line 8.
 1 [internal function]: CodeIgniter\Debug\Exceptions->shutdownHandler()
CRITICAL - 2022-09-27 22:13:14 --> CodeIgniter\Autoloader\Autoloader::main(): Failed opening required 'C:\xampp\htdocs\restfulapi\app\Controllers/../../Midtrans.php' (include_path='C:\xampp\php\PEAR')
in APPPATH\Controllers\Payment.php on line 8.
 1 [internal function]: CodeIgniter\Debug\Exceptions->shutdownHandler()
CRITICAL - 2022-09-27 22:30:45 --> Call to undefined method App\Controllers\Payment::respond()
in APPPATH\Controllers\Payment.php on line 27.
 1 SYSTEMPATH\CodeIgniter.php(907): App\Controllers\Payment->index()
 2 SYSTEMPATH\CodeIgniter.php(457): CodeIgniter\CodeIgniter->runController(Object(App\Controllers\Payment))
 3 SYSTEMPATH\CodeIgniter.php(340): CodeIgniter\CodeIgniter->handleRequest(null, Object(Config\Cache), false)
 4 FCPATH\index.php(67): CodeIgniter\CodeIgniter->run()
CRITICAL - 2022-09-27 23:03:55 --> Call to undefined method App\Controllers\Payment::respondCreated()
in APPPATH\Controllers\Payment.php on line 34.
 1 SYSTEMPATH\CodeIgniter.php(907): App\Controllers\Payment->index()
 2 SYSTEMPATH\CodeIgniter.php(457): CodeIgniter\CodeIgniter->runController(Object(App\Controllers\Payment))
 3 SYSTEMPATH\CodeIgniter.php(340): CodeIgniter\CodeIgniter->handleRequest(null, Object(Config\Cache), false)
 4 FCPATH\index.php(67): CodeIgniter\CodeIgniter->run()
CRITICAL - 2022-09-27 23:09:13 --> A non-numeric value encountered
in APPPATH\Controllers\Payment.php on line 27.
 1 APPPATH\Controllers\Payment.php(27): CodeIgniter\Debug\Exceptions->errorHandler(2, 'A non-numeric value encountered', 'APPPATH\\Controllers\\Payment.php', 27, [...])
 2 SYSTEMPATH\CodeIgniter.php(907): App\Controllers\Payment->index()
 3 SYSTEMPATH\CodeIgniter.php(457): CodeIgniter\CodeIgniter->runController(Object(App\Controllers\Payment))
 4 SYSTEMPATH\CodeIgniter.php(340): CodeIgniter\CodeIgniter->handleRequest(null, Object(Config\Cache), false)
 5 FCPATH\index.php(67): CodeIgniter\CodeIgniter->run()
CRITICAL - 2022-09-27 23:11:13 --> A non-numeric value encountered
in APPPATH\Controllers\Payment.php on line 29.
 1 APPPATH\Controllers\Payment.php(29): CodeIgniter\Debug\Exceptions->errorHandler(2, 'A non-numeric value encountered', 'APPPATH\\Controllers\\Payment.php', 29, [...])
 2 SYSTEMPATH\CodeIgniter.php(907): App\Controllers\Payment->index()
 3 SYSTEMPATH\CodeIgniter.php(457): CodeIgniter\CodeIgniter->runController(Object(App\Controllers\Payment))
 4 SYSTEMPATH\CodeIgniter.php(340): CodeIgniter\CodeIgniter->handleRequest(null, Object(Config\Cache), false)
 5 FCPATH\index.php(67): CodeIgniter\CodeIgniter->run()
CRITICAL - 2022-09-27 23:11:31 --> A non-numeric value encountered
in APPPATH\Controllers\Payment.php on line 29.
 1 APPPATH\Controllers\Payment.php(29): CodeIgniter\Debug\Exceptions->errorHandler(2, 'A non-numeric value encountered', 'APPPATH\\Controllers\\Payment.php', 29, [...])
 2 SYSTEMPATH\CodeIgniter.php(907): App\Controllers\Payment->index()
 3 SYSTEMPATH\CodeIgniter.php(457): CodeIgniter\CodeIgniter->runController(Object(App\Controllers\Payment))
 4 SYSTEMPATH\CodeIgniter.php(340): CodeIgniter\CodeIgniter->handleRequest(null, Object(Config\Cache), false)
 5 FCPATH\index.php(67): CodeIgniter\CodeIgniter->run()
CRITICAL - 2022-09-27 23:12:38 --> A non-numeric value encountered
in APPPATH\Controllers\Payment.php on line 29.
 1 APPPATH\Controllers\Payment.php(29): CodeIgniter\Debug\Exceptions->errorHandler(2, 'A non-numeric value encountered', 'APPPATH\\Controllers\\Payment.php', 29, [...])
 2 SYSTEMPATH\CodeIgniter.php(907): App\Controllers\Payment->index()
 3 SYSTEMPATH\CodeIgniter.php(457): CodeIgniter\CodeIgniter->runController(Object(App\Controllers\Payment))
 4 SYSTEMPATH\CodeIgniter.php(340): CodeIgniter\CodeIgniter->handleRequest(null, Object(Config\Cache), false)
 5 FCPATH\index.php(67): CodeIgniter\CodeIgniter->run()
CRITICAL - 2022-09-27 23:36:49 --> Class 'App\Controllers\Snap' not found
in APPPATH\Controllers\Payment.php on line 32.
 1 SYSTEMPATH\CodeIgniter.php(907): App\Controllers\Payment->index()
 2 SYSTEMPATH\CodeIgniter.php(457): CodeIgniter\CodeIgniter->runController(Object(App\Controllers\Payment))
 3 SYSTEMPATH\CodeIgniter.php(340): CodeIgniter\CodeIgniter->handleRequest(null, Object(Config\Cache), false)
 4 FCPATH\index.php(67): CodeIgniter\CodeIgniter->run()
CRITICAL - 2022-09-27 23:37:10 --> Call to undefined function App\Controllers\response()
in APPPATH\Controllers\Payment.php on line 33.
 1 SYSTEMPATH\CodeIgniter.php(907): App\Controllers\Payment->index()
 2 SYSTEMPATH\CodeIgniter.php(457): CodeIgniter\CodeIgniter->runController(Object(App\Controllers\Payment))
 3 SYSTEMPATH\CodeIgniter.php(340): CodeIgniter\CodeIgniter->handleRequest(null, Object(Config\Cache), false)
 4 FCPATH\index.php(67): CodeIgniter\CodeIgniter->run()
