CRITICAL - 2023-05-15 09:27:04 --> Undefined variable: user
in APPPATH\Controllers\GantiPassword.php on line 52.
 1 APPPATH\Controllers\GantiPassword.php(52): CodeIgniter\Debug\Exceptions->errorHandler(8, 'Undefined variable: user', 'APPPATH\\Controllers\\GantiPassword.php', 52, [...])
 2 SYSTEMPATH\CodeIgniter.php(907): App\Controllers\GantiPassword->update('1')
 3 SYSTEMPATH\CodeIgniter.php(457): CodeIgniter\CodeIgniter->runController(Object(App\Controllers\GantiPassword))
 4 SYSTEMPATH\CodeIgniter.php(340): CodeIgniter\CodeIgniter->handleRequest(null, Object(Config\Cache), false)
 5 FCPATH\index.php(67): CodeIgniter\CodeIgniter->run()
CRITICAL - 2023-05-15 09:36:46 --> Use of undefined constant id - assumed 'id' (this will throw an Error in a future version of PHP)
in APPPATH\Controllers\GantiPassword.php on line 48.
 1 APPPATH\Controllers\GantiPassword.php(48): CodeIgniter\Debug\Exceptions->errorHandler(2, 'Use of undefined constant id - assumed \'id\' (this will throw an Error in a future version of PHP)', 'APPPATH\\Controllers\\GantiPassword.php', 48, [...])
 2 SYSTEMPATH\CodeIgniter.php(907): App\Controllers\GantiPassword->update('10')
 3 SYSTEMPATH\CodeIgniter.php(457): CodeIgniter\CodeIgniter->runController(Object(App\Controllers\GantiPassword))
 4 SYSTEMPATH\CodeIgniter.php(340): CodeIgniter\CodeIgniter->handleRequest(null, Object(Config\Cache), false)
 5 FCPATH\index.php(67): CodeIgniter\CodeIgniter->run()
CRITICAL - 2023-05-15 09:37:25 --> Use of undefined constant id - assumed 'id' (this will throw an Error in a future version of PHP)
in APPPATH\Controllers\GantiPassword.php on line 48.
 1 APPPATH\Controllers\GantiPassword.php(48): CodeIgniter\Debug\Exceptions->errorHandler(2, 'Use of undefined constant id - assumed \'id\' (this will throw an Error in a future version of PHP)', 'APPPATH\\Controllers\\GantiPassword.php', 48, [...])
 2 SYSTEMPATH\CodeIgniter.php(907): App\Controllers\GantiPassword->update('10')
 3 SYSTEMPATH\CodeIgniter.php(457): CodeIgniter\CodeIgniter->runController(Object(App\Controllers\GantiPassword))
 4 SYSTEMPATH\CodeIgniter.php(340): CodeIgniter\CodeIgniter->handleRequest(null, Object(Config\Cache), false)
 5 FCPATH\index.php(67): CodeIgniter\CodeIgniter->run()
CRITICAL - 2023-05-15 09:38:35 --> Undefined index: password
in APPPATH\Controllers\GantiPassword.php on line 51.
 1 APPPATH\Controllers\GantiPassword.php(51): CodeIgniter\Debug\Exceptions->errorHandler(8, 'Undefined index: password', 'APPPATH\\Controllers\\GantiPassword.php', 51, [...])
 2 SYSTEMPATH\CodeIgniter.php(907): App\Controllers\GantiPassword->update('10')
 3 SYSTEMPATH\CodeIgniter.php(457): CodeIgniter\CodeIgniter->runController(Object(App\Controllers\GantiPassword))
 4 SYSTEMPATH\CodeIgniter.php(340): CodeIgniter\CodeIgniter->handleRequest(null, Object(Config\Cache), false)
 5 FCPATH\index.php(67): CodeIgniter\CodeIgniter->run()
CRITICAL - 2023-05-15 09:41:15 --> Undefined index: password
in APPPATH\Controllers\GantiPassword.php on line 51.
 1 APPPATH\Controllers\GantiPassword.php(51): CodeIgniter\Debug\Exceptions->errorHandler(8, 'Undefined index: password', 'APPPATH\\Controllers\\GantiPassword.php', 51, [...])
 2 SYSTEMPATH\CodeIgniter.php(907): App\Controllers\GantiPassword->update('10')
 3 SYSTEMPATH\CodeIgniter.php(457): CodeIgniter\CodeIgniter->runController(Object(App\Controllers\GantiPassword))
 4 SYSTEMPATH\CodeIgniter.php(340): CodeIgniter\CodeIgniter->handleRequest(null, Object(Config\Cache), false)
 5 FCPATH\index.php(67): CodeIgniter\CodeIgniter->run()
CRITICAL - 2023-05-15 09:42:58 --> Call to a member function first() on array
in APPPATH\Controllers\GantiPassword.php on line 48.
 1 SYSTEMPATH\CodeIgniter.php(907): App\Controllers\GantiPassword->update('10')
 2 SYSTEMPATH\CodeIgniter.php(457): CodeIgniter\CodeIgniter->runController(Object(App\Controllers\GantiPassword))
 3 SYSTEMPATH\CodeIgniter.php(340): CodeIgniter\CodeIgniter->handleRequest(null, Object(Config\Cache), false)
 4 FCPATH\index.php(67): CodeIgniter\CodeIgniter->run()
CRITICAL - 2023-05-15 09:53:35 --> A non-numeric value encountered
in APPPATH\Controllers\GantiPassword.php on line 52.
 1 APPPATH\Controllers\GantiPassword.php(52): CodeIgniter\Debug\Exceptions->errorHandler(2, 'A non-numeric value encountered', 'APPPATH\\Controllers\\GantiPassword.php', 52, [...])
 2 SYSTEMPATH\CodeIgniter.php(907): App\Controllers\GantiPassword->update('1')
 3 SYSTEMPATH\CodeIgniter.php(457): CodeIgniter\CodeIgniter->runController(Object(App\Controllers\GantiPassword))
 4 SYSTEMPATH\CodeIgniter.php(340): CodeIgniter\CodeIgniter->handleRequest(null, Object(Config\Cache), false)
 5 FCPATH\index.php(67): CodeIgniter\CodeIgniter->run()
