ERROR - 2023-06-15 21:06:54 --> mysqli_sql_exception: No database selected in C:\xampp\htdocs\restfulapi\system\Database\MySQLi\Connection.php:292
Stack trace:
#0 C:\xampp\htdocs\restfulapi\system\Database\MySQLi\Connection.php(292): mysqli->query('SELECT *\nFROM `...', 0)
#1 C:\xampp\htdocs\restfulapi\system\Database\BaseConnection.php(693): CodeIgniter\Database\MySQLi\Connection->execute('SELECT *\nFROM `...')
#2 C:\xampp\htdocs\restfulapi\system\Database\BaseConnection.php(620): CodeIgniter\Database\BaseConnection->simpleQuery('SELECT *\nFROM `...')
#3 C:\xampp\htdocs\restfulapi\system\Database\BaseBuilder.php(1585): CodeIgniter\Database\BaseConnection->query('SELECT *\nFROM `...', Array, false)
#4 C:\xampp\htdocs\restfulapi\system\Model.php(223): CodeIgniter\Database\BaseBuilder->get()
#5 C:\xampp\htdocs\restfulapi\system\BaseModel.php(584): CodeIgniter\Model->doFindAll(0, 0)
#6 C:\xampp\htdocs\restfulapi\app\Controllers\Keuangan.php(27): CodeIgniter\BaseModel->findAll()
#7 C:\xampp\htdocs\restfulapi\system\CodeIgniter.php(907): App\Controllers\Keuangan->index()
#8 C:\xampp\htdocs\restfulapi\system\CodeIgniter.php(457): CodeIgniter\CodeIgniter->runController(Object(App\Controllers\Keuangan))
#9 C:\xampp\htdocs\restfulapi\system\CodeIgniter.php(340): CodeIgniter\CodeIgniter->handleRequest(NULL, Object(Config\Cache), false)
#10 C:\xampp\htdocs\restfulapi\public\index.php(67): CodeIgniter\CodeIgniter->run()
#11 {main}
ERROR - 2023-06-15 21:10:15 --> mysqli_sql_exception: No database selected in C:\xampp\htdocs\restfulapi\system\Database\MySQLi\Connection.php:292
Stack trace:
#0 C:\xampp\htdocs\restfulapi\system\Database\MySQLi\Connection.php(292): mysqli->query('SELECT *\nFROM `...', 0)
#1 C:\xampp\htdocs\restfulapi\system\Database\BaseConnection.php(693): CodeIgniter\Database\MySQLi\Connection->execute('SELECT *\nFROM `...')
#2 C:\xampp\htdocs\restfulapi\system\Database\BaseConnection.php(620): CodeIgniter\Database\BaseConnection->simpleQuery('SELECT *\nFROM `...')
#3 C:\xampp\htdocs\restfulapi\system\Database\BaseBuilder.php(1585): CodeIgniter\Database\BaseConnection->query('SELECT *\nFROM `...', Array, false)
#4 C:\xampp\htdocs\restfulapi\system\Model.php(223): CodeIgniter\Database\BaseBuilder->get()
#5 C:\xampp\htdocs\restfulapi\system\BaseModel.php(584): CodeIgniter\Model->doFindAll(0, 0)
#6 C:\xampp\htdocs\restfulapi\app\Controllers\Keuangan.php(27): CodeIgniter\BaseModel->findAll()
#7 C:\xampp\htdocs\restfulapi\system\CodeIgniter.php(907): App\Controllers\Keuangan->index()
#8 C:\xampp\htdocs\restfulapi\system\CodeIgniter.php(457): CodeIgniter\CodeIgniter->runController(Object(App\Controllers\Keuangan))
#9 C:\xampp\htdocs\restfulapi\system\CodeIgniter.php(340): CodeIgniter\CodeIgniter->handleRequest(NULL, Object(Config\Cache), false)
#10 C:\xampp\htdocs\restfulapi\public\index.php(67): CodeIgniter\CodeIgniter->run()
#11 {main}
ERROR - 2023-06-15 21:10:29 --> mysqli_sql_exception: No database selected in C:\xampp\htdocs\restfulapi\system\Database\MySQLi\Connection.php:292
Stack trace:
#0 C:\xampp\htdocs\restfulapi\system\Database\MySQLi\Connection.php(292): mysqli->query('SELECT *\nFROM `...', 0)
#1 C:\xampp\htdocs\restfulapi\system\Database\BaseConnection.php(693): CodeIgniter\Database\MySQLi\Connection->execute('SELECT *\nFROM `...')
#2 C:\xampp\htdocs\restfulapi\system\Database\BaseConnection.php(620): CodeIgniter\Database\BaseConnection->simpleQuery('SELECT *\nFROM `...')
#3 C:\xampp\htdocs\restfulapi\system\Database\BaseBuilder.php(1718): CodeIgniter\Database\BaseConnection->query('SELECT *\nFROM `...', Array, false)
#4 C:\xampp\htdocs\restfulapi\system\Model.php(772): CodeIgniter\Database\BaseBuilder->getWhere(Array)
#5 C:\xampp\htdocs\restfulapi\app\Controllers\Donatur.php(83): CodeIgniter\Model->__call('getWhere', Array)
#6 C:\xampp\htdocs\restfulapi\system\CodeIgniter.php(907): App\Controllers\Donatur->show('86')
#7 C:\xampp\htdocs\restfulapi\system\CodeIgniter.php(457): CodeIgniter\CodeIgniter->runController(Object(App\Controllers\Donatur))
#8 C:\xampp\htdocs\restfulapi\system\CodeIgniter.php(340): CodeIgniter\CodeIgniter->handleRequest(NULL, Object(Config\Cache), false)
#9 C:\xampp\htdocs\restfulapi\public\index.php(67): CodeIgniter\CodeIgniter->run()
#10 {main}
